<?xml version="1.0" encoding="utf-8"?>
<!DOCTYPE population SYSTEM "http://www.matsim.org/files/dtd/population_v6.dtd">

<population>

<!-- ====================================================================== -->

	<person id="test-agent_drt-user_monomodal">
                <attributes>
                        <attribute name="ESR" class="java.lang.String">0</attribute>
                        <attribute name="age" class="java.lang.String">3</attribute>
                        <attribute name="eduatt" class="java.lang.String">1</attribute>
                        <attribute name="gender" class="java.lang.String">male</attribute>
                        <attribute name="hhinc" class="java.lang.String">22700</attribute>
                        <attribute name="hhnumautos" class="java.lang.String">1</attribute>
                        <attribute name="hhsize" class="java.lang.String">3</attribute>
                        <attribute name="householdId" class="java.lang.String">3247023</attribute>
                        <attribute name="htype" class="java.lang.String">Multiple</attribute>
                        <attribute name="marginalUtilityOfMoney" class="java.lang.Double">4.673641850220264</attribute>
                        <attribute name="race" class="java.lang.String">NHAS</attribute>
                        <attribute name="schg" class="java.lang.String">0</attribute>
                        <attribute name="subpopulation" class="java.lang.String">person</attribute>
                        <attribute name="ten" class="java.lang.String">3</attribute>
                        <attribute name="wkind20" class="java.lang.String">0</attribute>
                        <attribute name="wkocc24" class="java.lang.String">0</attribute>
                        <attribute name="worker" class="java.lang.String">unemployed</attribute>
                </attributes>
                <plan selected="yes">
                        <activity type="home_55200" link="270869" x="139949.94860068822" y="-440235.23919569375" end_time="04:24:05" >
                                <attributes>
                                        <attribute name="initialEndTime" class="java.lang.Double">16200.0</attribute>
                                </attributes>
                        </activity>            
                        <leg mode="pt">
                        </leg>
                        <activity type="school_30600" link="813154" x="144484.02887241883" y="-445105.7471087491" end_time="12:52:23" >
                                <attributes>
                                        <attribute name="initialEndTime" class="java.lang.Double">64800</attribute>
                                        <attribute name="initialStartTime" class="java.lang.Double">28800</attribute>
                                </attributes>
                        </activity>
                        <leg mode="pt">
                        </leg>
                        <activity type="home_55200" link="270869" x="139949.94860068822" y="-440235.23919569375" >
                                <attributes>
                                        <attribute name="initialStartTime" class="java.lang.Double">47684.06999588013</attribute>
                                </attributes>
                        </activity>
                </plan>

	</person>

<!-- ====================================================================== -->

</population>
